{
  "RSpec": {
    "coverage": {
      "C:/Users/Student/RubymineProjects/ruby-first-CRUD/config/environment.rb": [
        null,
        1,
        null,
        null,
        1
      ],
      "C:/Users/Student/RubymineProjects/ruby-first-CRUD/config/application.rb": [
        1,
        null,
        1,
        null,
        null,
        null,
        1,
        null,
        1,
        1,
        null,
        1,
        null,
        1,
        null,
        null,
        null,
        null,
        null,
        null,
        null,
        null,
        null
      ],
      "C:/Users/Student/RubymineProjects/ruby-first-CRUD/config/boot.rb": [
        1,
        null,
        1
      ],
      "C:/Users/Student/RubymineProjects/ruby-first-CRUD/config/environments/test.rb": [
        1,
        null,
        null,
        null,
        null,
        null,
        null,
        1,
        null,
        null,
        null,
        null,
        1,
        null,
        null,
        1,
        1,
        null,
        null,
        null,
        null,
        1,
        1,
        null,
        null,
        1,
        null,
        null,
        1,
        1,
        null,
        null,
        null,
        null,
        1,
        null,
        null,
        1,
        null,
        null,
        null,
        null
      ],
      "C:/Users/Student/RubymineProjects/ruby-first-CRUD/config/initializers/application_controller_renderer.rb": [
        null,
        null,
        null,
        null,
        null,
        null
      ],
      "C:/Users/Student/RubymineProjects/ruby-first-CRUD/config/initializers/assets.rb": [
        null,
        null,
        null,
        1,
        null,
        null,
        null,
        null,
        1,
        null,
        null,
        null,
        null,
        null
      ],
      "C:/Users/Student/RubymineProjects/ruby-first-CRUD/config/initializers/backtrace_silencers.rb": [
        null,
        null,
        null,
        null,
        null,
        null,
        null
      ],
      "C:/Users/Student/RubymineProjects/ruby-first-CRUD/config/initializers/cookies_serializer.rb": [
        null,
        null,
        null,
        null,
        1
      ],
      "C:/Users/Student/RubymineProjects/ruby-first-CRUD/config/initializers/devise.rb": [
        null,
        null,
        1,
        null,
        null,
        null,
        null,
        null,
        null,
        null,
        null,
        null,
        null,
        null,
        1,
        null,
        null,
        null,
        null,
        null,
        null,
        null,
        null,
        null,
        null,
        null,
        1,
        null,
        null,
        null,
        null,
        null,
        null,
        null,
        null,
        null,
        null,
        null,
        null,
        null,
        null,
        null,
        null,
        null,
        null,
        null,
        null,
        null,
        1,
        null,
        null,
        null,
        null,
        1,
        null,
        null,
        null,
        null,
        null,
        null,
        null,
        null,
        null,
        null,
        null,
        null,
        null,
        null,
        null,
        null,
        null,
        null,
        null,
        null,
        null,
        null,
        null,
        null,
        null,
        null,
        null,
        null,
        null,
        null,
        1,
        null,
        null,
        null,
        null,
        null,
        null,
        null,
        null,
        null,
        null,
        null,
        null,
        null,
        null,
        null,
        null,
        null,
        null,
        null,
        null,
        null,
        null,
        1,
        null,
        null,
        null,
        null,
        null,
        null,
        null,
        null,
        null,
        null,
        null,
        null,
        null,
        null,
        null,
        null,
        null,
        null,
        null,
        null,
        null,
        null,
        null,
        null,
        null,
        null,
        null,
        null,
        null,
        null,
        1,
        null,
        null,
        null,
        null,
        null,
        null,
        null,
        null,
        null,
        1,
        null,
        null,
        null,
        null,
        null,
        null,
        null,
        null,
        null,
        null,
        1,
        null,
        null,
        null,
        null,
        1,
        null,
        null,
        null,
        null,
        null,
        null,
        null,
        null,
        null,
        null,
        null,
        null,
        null,
        null,
        null,
        null,
        null,
        null,
        null,
        null,
        null,
        null,
        null,
        null,
        null,
        null,
        null,
        null,
        null,
        null,
        null,
        null,
        null,
        null,
        null,
        null,
        null,
        null,
        null,
        null,
        1,
        null,
        null,
        null,
        null,
        null,
        null,
        null,
        null,
        null,
        null,
        null,
        null,
        null,
        null,
        null,
        null,
        null,
        null,
        null,
        null,
        null,
        null,
        null,
        null,
        null,
        null,
        null,
        null,
        null,
        null,
        null,
        null,
        null,
        null,
        null,
        null,
        null,
        null,
        null,
        null,
        null,
        1,
        null,
        null,
        null,
        null,
        null,
        null,
        null,
        null,
        null,
        null,
        null,
        null,
        null,
        null,
        null,
        null,
        null,
        null,
        null,
        null,
        null,
        null,
        null,
        null,
        null,
        null,
        null,
        null,
        null
      ],
      "C:/Users/Student/RubymineProjects/ruby-first-CRUD/config/initializers/filter_parameter_logging.rb": [
        null,
        null,
        null,
        1
      ],
      "C:/Users/Student/RubymineProjects/ruby-first-CRUD/config/initializers/inflections.rb": [
        null,
        null,
        null,
        null,
        null,
        null,
        null,
        null,
        null,
        null,
        null,
        null,
        null,
        null,
        null,
        null
      ],
      "C:/Users/Student/RubymineProjects/ruby-first-CRUD/config/initializers/mime_types.rb": [
        null,
        null,
        null,
        null
      ],
      "C:/Users/Student/RubymineProjects/ruby-first-CRUD/config/initializers/wrap_parameters.rb": [
        null,
        null,
        null,
        null,
        null,
        null,
        1,
        2,
        null,
        null,
        null,
        null,
        null,
        null
      ],
      "C:/Users/Student/RubymineProjects/ruby-first-CRUD/config/routes.rb": [
        1,
        1,
        1,
        null,
        1,
        null,
        1,
        null,
        null,
        null,
        null,
        1,
        1,
        1,
        1,
        1,
        null,
        null
      ],
      "C:/Users/Student/RubymineProjects/ruby-first-CRUD/app/models/user.rb": [
        1,
        null,
        null,
        1,
        null,
        1,
        null,
        null,
        null,
        null,
        null,
        null,
        null
      ],
      "C:/Users/Student/RubymineProjects/ruby-first-CRUD/app/models/application_record.rb": [
        1,
        1,
        null
      ],
      "C:/Users/Student/RubymineProjects/ruby-first-CRUD/app/helpers/application_helper.rb": [
        1,
        null
      ],
      "C:/Users/Student/RubymineProjects/ruby-first-CRUD/app/helpers/tasks_helper.rb": [
        1,
        null
      ],
      "C:/Users/Student/RubymineProjects/ruby-first-CRUD/spec/factory.rb": [
        1,
        1,
        17,
        1,
        1,
        null,
        null,
        1,
        1,
        1,
        null,
        null,
        null
      ],
      "C:/Users/Student/RubymineProjects/ruby-first-CRUD/app/controllers/tasks_controller.rb": [
        1,
        null,
        null,
        null,
        null,
        null,
        null,
        null,
        null,
        1,
        6,
        6,
        6,
        12,
        null,
        null,
        null,
        1,
        9,
        null,
        9,
        9,
        18,
        null,
        null,
        null,
        1,
        4,
        4,
        4,
        null,
        null,
        3,
        3,
        6,
        null,
        null,
        null,
        1,
        2,
        2,
        1,
        1,
        1,
        2,
        null,
        null,
        null,
        2,
        2,
        4,
        null,
        null,
        null,
        1,
        0,
        0,
        0,
        0,
        0,
        null,
        null,
        0,
        0,
        0,
        null,
        null,
        null,
        1,
        4,
        null,
        null,
        null,
        1,
        9,
        null,
        null,
        null
      ],
      "C:/Users/Student/RubymineProjects/ruby-first-CRUD/app/controllers/application_controller.rb": [
        1,
        1,
        null,
        null,
        1,
        null,
        null,
        null,
        null,
        null,
        null,
        null,
        null,
        null,
        null,
        null,
        null,
        null,
        null,
        null,
        null,
        null,
        null,
        null,
        null,
        1,
        22,
        null,
        null,
        null
      ],
      "C:/Users/Student/RubymineProjects/ruby-first-CRUD/spec/user_spec.rb": [
        1,
        null,
        1,
        2,
        null
      ],
      "C:/Users/Student/RubymineProjects/ruby-first-CRUD/app/models/task.rb": [
        1,
        1,
        1,
        1,
        null
      ]
    },
    "timestamp": 1513159323
  }
}
